#
# A fatal error has been detected by the Java Runtime Environment:
#
#  Internal Error (javaClasses.cpp:136), pid=4052, tid=5152
#  fatal error: Invalid layout of preloaded class
#
# JRE version:  (7.0_40-b43) (build )
# Java VM: Java HotSpot(TM) 64-Bit Server VM (24.0-b56 mixed mode windows-amd64 compressed oops)
# Failed to write core dump. Minidumps are not enabled by default on client versions of Windows
#
# If you would like to submit a bug report, please visit:
#   http://bugreport.sun.com/bugreport/crash.jsp
#

---------------  T H R E A D  ---------------

Current thread (0x0000000002220800):  JavaThread "Unknown thread" [_thread_in_vm, id=5152, stack(0x00000000020a0000,0x00000000021a0000)]

Stack: [0x00000000020a0000,0x00000000021a0000]

---------------  P R O C E S S  ---------------

Java Threads: ( => current thread )

Other Threads:

=>0x0000000002220800 (exited) JavaThread "Unknown thread" [_thread_in_vm, id=5152, stack(0x00000000020a0000,0x00000000021a0000)]

VM state:not at safepoint (not fully initialized)

VM Mutex/Monitor currently owned by a thread: None

GC Heap History (0 events):
No events

Deoptimization events (0 events):
No events

Internal exceptions (0 events):
No events

Events (10 events):
Event: 0.038 loading class 0x0000000002264e50 done
Event: 0.039 loading class 0x0000000002264870 done
Event: 0.039 loading class 0x0000000002264850
Event: 0.039 loading class 0x000000000226c990
Event: 0.039 loading class 0x000000000226c990 done
Event: 0.039 loading class 0x000000000226c9c0
Event: 0.039 loading class 0x000000000226c9c0 done
Event: 0.039 loading class 0x000000000226c9f0
Event: 0.039 loading class 0x000000000226c9f0 done
Event: 0.039 loading class 0x0000000002264850 done


Dynamic libraries:
0x00007ff663200000 - 0x00007ff663233000 	C:\Program Files\Java\jre7\bin\javaw.exe
0x00007ffdf64b0000 - 0x00007ffdf6656000 	C:\WINDOWS\SYSTEM32\ntdll.dll
0x00007ffdf5270000 - 0x00007ffdf53aa000 	C:\WINDOWS\system32\KERNEL32.DLL
0x00007ffdf3900000 - 0x00007ffdf3a0f000 	C:\WINDOWS\system32\KERNELBASE.dll
0x00007ffdf22c0000 - 0x00007ffdf2348000 	C:\WINDOWS\system32\apphelp.dll
0x00007ffdef340000 - 0x00007ffdef38f000 	C:\WINDOWS\AppPatch\AppPatch64\AcGenral.DLL
0x00007ffdf5ff0000 - 0x00007ffdf6097000 	C:\WINDOWS\system32\msvcrt.dll
0x00007ffdf3600000 - 0x00007ffdf362b000 	C:\WINDOWS\SYSTEM32\SspiCli.dll
0x00007ffdf5f90000 - 0x00007ffdf5fe1000 	C:\WINDOWS\system32\SHLWAPI.dll
0x00007ffdf5750000 - 0x00007ffdf58c1000 	C:\WINDOWS\system32\USER32.dll
0x00007ffdf53b0000 - 0x00007ffdf5528000 	C:\WINDOWS\system32\ole32.dll
0x00007ffdf3db0000 - 0x00007ffdf51bf000 	C:\WINDOWS\system32\SHELL32.dll
0x00007ffdf2e40000 - 0x00007ffdf2e5e000 	C:\WINDOWS\SYSTEM32\USERENV.dll
0x00007ffdf51c0000 - 0x00007ffdf5265000 	C:\WINDOWS\system32\ADVAPI32.dll
0x00007ffdeabb0000 - 0x00007ffdeabcb000 	C:\WINDOWS\SYSTEM32\MPR.dll
0x00007ffdf5ab0000 - 0x00007ffdf5be7000 	C:\WINDOWS\system32\RPCRT4.dll
0x00007ffdf60a0000 - 0x00007ffdf60f7000 	C:\WINDOWS\SYSTEM32\sechost.dll
0x00007ffdf5530000 - 0x00007ffdf5706000 	C:\WINDOWS\SYSTEM32\combase.dll
0x00007ffdf5da0000 - 0x00007ffdf5ee4000 	C:\WINDOWS\system32\GDI32.dll
0x00007ffdf3830000 - 0x00007ffdf3844000 	C:\WINDOWS\SYSTEM32\profapi.dll
0x00007ffdf1c70000 - 0x00007ffdf1d0f000 	C:\WINDOWS\SYSTEM32\SHCORE.dll
0x00007ffdf5710000 - 0x00007ffdf5744000 	C:\WINDOWS\system32\IMM32.DLL
0x00007ffdf5c00000 - 0x00007ffdf5d39000 	C:\WINDOWS\system32\MSCTF.dll
0x00007ffdf1260000 - 0x00007ffdf14ba000 	C:\WINDOWS\WinSxS\amd64_microsoft.windows.common-controls_6595b64144ccf1df_6.0.9600.17031_none_6242a4b3ecbb55a1\COMCTL32.dll
0x000000005d340000 - 0x000000005d411000 	C:\Program Files\Java\jre7\bin\msvcr100.dll
0x000000005cb70000 - 0x000000005d339000 	C:\Program Files\Java\jre7\bin\server\jvm.dll
0x00007ffdf0570000 - 0x00007ffdf0579000 	C:\WINDOWS\SYSTEM32\WSOCK32.dll
0x00007ffdf0bc0000 - 0x00007ffdf0bdf000 	C:\WINDOWS\SYSTEM32\WINMM.dll
0x00007ffdf6100000 - 0x00007ffdf6107000 	C:\WINDOWS\system32\PSAPI.DLL
0x00007ffdf6110000 - 0x00007ffdf6168000 	C:\WINDOWS\system32\WS2_32.dll
0x00007ffdf0900000 - 0x00007ffdf092a000 	C:\WINDOWS\SYSTEM32\WINMMBASE.dll
0x00007ffdf6310000 - 0x00007ffdf6319000 	C:\WINDOWS\system32\NSI.dll
0x00007ffdf3a10000 - 0x00007ffdf3a5a000 	C:\WINDOWS\SYSTEM32\cfgmgr32.dll
0x00007ffdf26e0000 - 0x00007ffdf2706000 	C:\WINDOWS\SYSTEM32\DEVOBJ.dll
0x000000005cb60000 - 0x000000005cb6f000 	C:\Program Files\Java\jre7\bin\verify.dll
0x000000005cb30000 - 0x000000005cb58000 	C:\Program Files\Java\jre7\bin\java.dll
0x000000005cb10000 - 0x000000005cb25000 	C:\Program Files\Java\jre7\bin\zip.dll

VM Arguments:
jvm_args: -Dfile.encoding=Cp1257 -Xbootclasspath:C:\Program Files (x86)\Android\android-sdk\platforms\android-21\android.jar 
java_command: com.example.prawesome.JsonReader
Launcher Type: SUN_STANDARD

Environment Variables:
PATH=C:\Program Files\Dell\DW WLAN Card;;C:\Program Files\Haskell\bin;C:\Program Files\Haskell Platform\2014.2.0.0\lib\extralibs\bin;C:\Program Files\Haskell Platform\2014.2.0.0\bin;C:\Program Files (x86)\NVIDIA Corporation\PhysX\Common;C:\WINDOWS\system32;C:\WINDOWS;C:\WINDOWS\System32\Wbem;C:\WINDOWS\System32\WindowsPowerShell\v1.0\;C:\Program Files (x86)\Git\cmd;C:\Program Files\doxygen\bin;C:\Program Files (x86)\GNU\GnuPG\pub;C:\Program Files (x86)\Windows Kits\8.1\Windows Performance Toolkit\;C:\Program Files\Microsoft SQL Server\110\Tools\Binn\;C:\Program Files\Haskell Platform\2014.2.0.0\mingw\bin;C:\Program Files (x86)\Estonian ID Card\;C:\Users\Taavi\AppData\Roaming\cabal\bin;C:\MinGW\bin
USERNAME=Taavi
OS=Windows_NT
PROCESSOR_IDENTIFIER=Intel64 Family 6 Model 58 Stepping 9, GenuineIntel



---------------  S Y S T E M  ---------------

OS: Windows 8 , 64 bit Build 9200 

CPU:total 4 (2 cores per cpu, 2 threads per core) family 6 model 58 stepping 9, cmov, cx8, fxsr, mmx, sse, sse2, sse3, ssse3, sse4.1, sse4.2, popcnt, avx, aes, erms, ht, tsc, tscinvbit, tscinv

Memory: 4k page, physical 4074096k(964260k free), swap 6467412k(2549792k free)

vm_info: Java HotSpot(TM) 64-Bit Server VM (24.0-b56) for windows-amd64 JRE (1.7.0_40-b43), built on Aug 26 2013 22:38:32 by "java_re" with unknown MS VC++:1600

time: Thu Oct 30 13:17:32 2014
elapsed time: 0 seconds

